INFO:persuasion_engine:Fetching templates for persuasion_engine from ConfigKeeper...
INFO:persuasion_engine:Fetching templates for persuasion_engine from ConfigKeeper...
INFO:kafka.conn:<BrokerConnection node_id=bootstrap-0 host=localhost:9092 <connecting> [IPv4 ('127.0.0.1', 9092)]>: connecting to localhost:9092 [('127.0.0.1', 9092) IPv4]
INFO:kafka.conn:Probing node bootstrap-0 broker version
ERROR:kafka.conn:Connect attempt to <BrokerConnection node_id=bootstrap-0 host=localhost:9092 <connecting> [IPv4 ('127.0.0.1', 9092)]> returned error 61. Disconnecting.
INFO:kafka.conn:<BrokerConnection node_id=bootstrap-0 host=localhost:9092 <connecting> [IPv4 ('127.0.0.1', 9092)]>: Closing connection. KafkaConnectionError: 61 ECONNREFUSED
INFO:kafka.conn:<BrokerConnection node_id=bootstrap-0 host=localhost:9092 <connecting> [IPv4 ('127.0.0.1', 9092)]>: connecting to localhost:9092 [('127.0.0.1', 9092) IPv4]
ERROR:kafka.conn:Connect attempt to <BrokerConnection node_id=bootstrap-0 host=localhost:9092 <connecting> [IPv4 ('127.0.0.1', 9092)]> returned error 61. Disconnecting.
INFO:kafka.conn:<BrokerConnection node_id=bootstrap-0 host=localhost:9092 <connecting> [IPv4 ('127.0.0.1', 9092)]>: Closing connection. KafkaConnectionError: 61 ECONNREFUSED
INFO:kafka.conn:<BrokerConnection node_id=bootstrap-0 host=localhost:9092 <connecting> [IPv6 ('::1', 9092, 0, 0)]>: connecting to localhost:9092 [('::1', 9092, 0, 0) IPv6]
ERROR:kafka.conn:Connect attempt to <BrokerConnection node_id=bootstrap-0 host=localhost:9092 <connecting> [IPv6 ('::1', 9092, 0, 0)]> returned error 61. Disconnecting.
INFO:kafka.conn:<BrokerConnection node_id=bootstrap-0 host=localhost:9092 <connecting> [IPv6 ('::1', 9092, 0, 0)]>: Closing connection. KafkaConnectionError: 61 ECONNREFUSED
INFO:persuasion_engine:Fetching templates for persuasion_engine from ConfigKeeper...
INFO:persuasion_engine:Generic Persuasion Engine is Running..... 
INFO:persuasion_engine:Initialising app level settings
INFO:persuasion_engine:Configuring API routes
INFO:werkzeug: * Running on http://127.0.0.1:5000/ (Press CTRL+C to quit)
INFO:persuasion_engine:Refreshing/Updating persuasions in bulk
INFO:persuasion_engine:Shutting down Generic Persuasion Engine...
INFO:persuasion_engine:Fetching templates for persuasion_engine from ConfigKeeper...
INFO:persuasion_engine:Generic Persuasion Engine is Running..... 
INFO:persuasion_engine:Initialising app level settings
INFO:persuasion_engine:Configuring API routes
INFO:werkzeug: * Running on http://127.0.0.1:5000/ (Press CTRL+C to quit)
INFO:persuasion_engine:Refreshing/Updating persuasions in bulk
INFO:persuasion_engine:Shutting down Generic Persuasion Engine...
INFO:persuasion_engine:Fetching templates for persuasion_engine from ConfigKeeper...
INFO:persuasion_engine:Generic Persuasion Engine is Running..... 
INFO:persuasion_engine:Initialising app level settings
INFO:persuasion_engine:Configuring API routes
INFO:werkzeug: * Running on http://127.0.0.1:5000/ (Press CTRL+C to quit)
INFO:persuasion_engine:Shutting down Generic Persuasion Engine...
INFO:persuasion_engine:Fetching templates for persuasion_engine from ConfigKeeper...
INFO:persuasion_engine:Generic Persuasion Engine is Running..... 
INFO:persuasion_engine:Initialising app level settings
INFO:persuasion_engine:Configuring API routes
INFO:werkzeug: * Running on http://127.0.0.1:5000/ (Press CTRL+C to quit)
INFO:persuasion_engine:Refreshing/Updating persuasions in bulk
INFO:persuasion_engine:Shutting down Generic Persuasion Engine...
INFO:persuasion_engine:Fetching templates for persuasion_engine from ConfigKeeper...
INFO:persuasion_engine:Generic Persuasion Engine is Running..... 
INFO:persuasion_engine:Initialising app level settings
INFO:persuasion_engine:Configuring API routes
INFO:werkzeug: * Running on http://127.0.0.1:5000/ (Press CTRL+C to quit)
INFO:persuasion_engine:Refreshing/Updating persuasions in bulk
INFO:elasticsearch:POST https://vpc-ingoibibo-analytics-es-4jgoflixwmiwoz7waoejlz4cay.ap-south-1.es.amazonaws.com:443/persuasions_test/_search [status:200 request:0.432s]
INFO:persuasion_engine:Shutting down Generic Persuasion Engine...
INFO:persuasion_engine:Fetching templates for persuasion_engine from ConfigKeeper...
INFO:persuasion_engine:Generic Persuasion Engine is Running..... 
INFO:persuasion_engine:Initialising app level settings
INFO:persuasion_engine:Configuring API routes
INFO:werkzeug: * Running on http://127.0.0.1:5000/ (Press CTRL+C to quit)
INFO:persuasion_engine:Refreshing/Updating persuasions in bulk
INFO:elasticsearch:POST https://vpc-ingoibibo-analytics-es-4jgoflixwmiwoz7waoejlz4cay.ap-south-1.es.amazonaws.com:443/persuasions_test/_search [status:200 request:0.383s]
INFO:persuasion_engine:Shutting down Generic Persuasion Engine...
INFO:persuasion_engine:Fetching templates for persuasion_engine from ConfigKeeper...
INFO:persuasion_engine:Generic Persuasion Engine is Running..... 
INFO:persuasion_engine:Initialising app level settings
INFO:persuasion_engine:Configuring API routes
INFO:werkzeug: * Running on http://127.0.0.1:5000/ (Press CTRL+C to quit)
INFO:persuasion_engine:Shutting down Generic Persuasion Engine...
INFO:persuasion_engine:Fetching templates for persuasion_engine from ConfigKeeper...
INFO:persuasion_engine:Generic Persuasion Engine is Running..... 
INFO:persuasion_engine:Initialising app level settings
INFO:persuasion_engine:Configuring API routes
INFO:werkzeug: * Running on http://127.0.0.1:5000/ (Press CTRL+C to quit)
INFO:persuasion_engine:Refreshing/Updating persuasions in bulk
INFO:elasticsearch:POST https://vpc-ingoibibo-analytics-es-4jgoflixwmiwoz7waoejlz4cay.ap-south-1.es.amazonaws.com:443/persuasions_test/_search [status:200 request:0.410s]
INFO:persuasion_engine:Shutting down Generic Persuasion Engine...
INFO:persuasion_engine:Fetching templates for persuasion_engine from ConfigKeeper...
INFO:persuasion_engine:Generic Persuasion Engine is Running..... 
INFO:persuasion_engine:Initialising app level settings
INFO:persuasion_engine:Configuring API routes
INFO:werkzeug: * Running on http://127.0.0.1:5000/ (Press CTRL+C to quit)
INFO:persuasion_engine:Refreshing/Updating persuasions in bulk
INFO:persuasion_engine:Refreshing persuasions on scheduled basis 
INFO:elasticsearch:POST https://vpc-ingoibibo-analytics-es-4jgoflixwmiwoz7waoejlz4cay.ap-south-1.es.amazonaws.com:443/persuasions_test/_search [status:200 request:0.379s]
INFO:persuasion_engine:Shutting down Generic Persuasion Engine...
INFO:persuasion_engine:Fetching templates for persuasion_engine from ConfigKeeper...
INFO:persuasion_engine:Generic Persuasion Engine is Running..... 
INFO:persuasion_engine:Initialising app level settings
INFO:persuasion_engine:Configuring API routes
INFO:werkzeug: * Running on http://127.0.0.1:5000/ (Press CTRL+C to quit)
INFO:persuasion_engine:Refreshing/Updating persuasions in bulk
INFO:persuasion_engine:Refreshing persuasions on scheduled basis 
INFO:elasticsearch:POST https://vpc-ingoibibo-analytics-es-4jgoflixwmiwoz7waoejlz4cay.ap-south-1.es.amazonaws.com:443/persuasions_test/_search [status:200 request:0.516s]
INFO:persuasion_engine:Getting updated data of persuasion - quality_score_inventory_depth_45000405199_2020-09-01
INFO:elasticsearch:GET https://vpc-ingoibibo-analytics-es-4jgoflixwmiwoz7waoejlz4cay.ap-south-1.es.amazonaws.com:443/persuasions_test/_doc/quality_score_inventory_depth_45000405199_2020-09-01 [status:200 request:0.391s]
INFO:persuasion_engine:Processing persuasion config
INFO:persuasion_engine:Fetching data source response
INFO:persuasion_engine:Fetching inventory depths persuasions
INFO:elasticsearch:POST https://vpc-ingoibibo-static-es-rmp73cf7aa4mjpjzaq6qdj7t2a.ap-south-1.es.amazonaws.com:443/qsInventoryDepth/_search [status:200 request:0.437s]
INFO:persuasion_engine:Getting inventory depth persuasions from ES
INFO:persuasion_engine:Refreshing inventory depth persuasions
INFO:persuasion_engine:Getting inventory depth persuasions from inventory DB (MySQL)
INFO:persuasion_engine:Returning final inventory depth persuasions
INFO:werkzeug:127.0.0.1 - - [14/Sep/2020 19:25:11] "[37mGET /persuasion/schedule/refresh?push_to_es=true&push_to_inflow=false&type=quality_score&sub_type=inventory_depth&start_date=2020-09-10 HTTP/1.1[0m" 200 -
INFO:persuasion_engine:Shutting down Generic Persuasion Engine...
